00.0000,E,0,0,280209,0,W,N*22
$GPVTG,0,T,0,M,0,N,0,K,N*2C
$GPGSA,A,1,,,,,,,,,,,,,60.000,60.000,60.000*06
$GPGGA,160015.00,0000.0000,N,00000.0000,E,,,60.000,0,M,0,M,0,*68
$GPRMC,160015.00,V,0000.0000,N,00000.0000,E,0,0,280209,0,W,N*23
$GPVTG,0,T,0,M,0,N,0,K,N*2C
$GPGSA,A,1,,,,,,,,,,,,,60.000,60.000,60.000*06
$GPGGA,160016.01,0000.0000,N,00000.0000,E,,,60.000,0,M,0,M,0,*6A
$GPRMC,160016.01,V,0000.0000,N,00000.0000,E,0,0,280209,0,W,N*21
$GPVTG,0,T,0,M,0,N,0,K,N*2C
$GPGSA,A,1,,,,,,,,,,,,,60.000,60.000,60.000*06
$GPGGA,160017.01,0000.0000,N,00000.0000,E,,,60.000,0,M,0,M,0,*6B
$GPRMC,160017.01,V,0000.0000,N,00000.0000,E,0,0,280209,0,W,N*20
$GPVTG,0,T,0,M,0,N,0,K,N*2C
$GPGSA,A,1,,,,,,,,,,,,,60.000,60.000,60.000*06
$GPGSV,8,1,29,1,5,,,2,35,327,,3,5,,,4,34,328,*71
$GPGSV,8,2,29,5,5,,,6,5,,,7,70,49,,8,49,202,*43
$GPGSV,8,3,29,9,5,,,10,5,,,11,16,144,,13,31,353,*42
$GPGSV,8,4,29,14,5,,,15,5,,,16,5,,,17,29,182,*7B
$GPGSV,8,5,29,18,5,,,20,24,75,,21,5,,,23,5,,*47
$GPGSV,8,6,29,24,11,141,,25,5,,,26,7,247,,27,5,,*4E
$GPGSV,8,7,29,28,27,165,,29,5,,,30,5,,,31,5,,*7F
$GPGSV,8,8,29,32,1,101,*72
$GPGGA,160018.01,0000.0000,N,00000.0000,E,,,60.000,0,M,0,M,0,*64
$GPRMC,160018.01,V,0000.0000,N,00000.0000,E,0,0,280209,0,W,N*2F
$GPVTG,0,T,0,M,0,N,0,K,N*2C
$GPGSA,A,1,,,,,,,,,,,,,60.000,60.000,60.000*06
$GPGGA,160019.01,0000.0000,N,00000.0000,E,,,60.000,0,M,0,M,0,*65
$GPRMC,160019.01,V,0000.0000,N,00000.0000,E,0,0,280209,0,W,N*2E
$GPVTG,0,T,0,M,0,N,0,K,N*2C
$GPGSA,A,1,,,,,,,,,,,,,60.000,60.000,60.000*06
$GPGGA,160020.01,0000.0000,N,00000.0000,E,,,60.000,0,M,0,M,0,*6F
$GPRMC,160020.01,V,0000.0000,N,00000.0000,E,0,0,280209,0,W,N*24
$GPVTG,0,T,0,M,0,N,0,K,N*2C
$GPGSA,A,1,,,,,,,,,,,,,60.000,60.000,60.000*06
$GPGGA,160021.01,0000.0000,N,00000.0000,E,,,60.000,0,M,0,M,0,*6E
$GPRMC,160021.01,V,0000.0000,N,00000.0000,E,0,0,280209,0,W,N*25
$GPVTG,0,T,0,M,0,N,0,K,N*2C
$GPGSA,A,1,,,,,,,,,,,,,60.000,60.000,60.000*06
$GPGGA,160022.01,0000.0000,N,00000.0000,E,,,60.000,0,M,0,M,0,*6D
$GPRMC,160022.01,V,0000.0000,N,00000.0000,E,0,0,280209,0,W,N*26
$GPVTG,0,T,0,M,0,N,0,K,N*2C
$GPGSA,A,1,,,,,,,,,,,,,60.000,60.000,60.000*06
$GPGSV,5,1,20,2,35,327,,4,34,328,,5,5,,,6,5,,*74
$GPGSV,5,2,20,7,70,49,,8,49,202,,11,16,144,,12,5,,*44
$GPGSV,5,3,20,13,31,353,,17,29,182,,18,5,,,19,5,,*7F
$GPGSV,5,4,20,20,24,75,,21,5,,,22,5,,,24,11,141,*4D
$GPGSV,5,5,20,25,5,,,26,7,247,,28,27,165,,32,1,99,*46
$GPGGA,160023.01,0000.0000,N,00000.0000,E,,,60.000,0,M,0,M,0,*6C
$GPRMC,160023.01,V,0000.0000,N,00000.0000,E,0,0,280209,0,W,N*27
$GPVTG,0,T,0,M,0,N,0,K,N*2C
$GPGSA,A,1,,,,,,,,,,,,,60.000,60.000,60.000*06
$GPGGA,160024.01,0000.0000,N,00000.0000,E,,,60.000,0,M,0,M,0,*6B
$GPRMC,160024.01,V,0000.0000,N,00000.0000,E,0,0,280209,0,W,N*20
$GPVTG,0,T,0,M,0,N,0,K,N*2C
$GPGSA,A,1,,,,,,,,,,,,,60.000,60.000,60.000*06
$GPGGA,160025.01,0000.0000,N,00000.0000,E,,,60.000,0,M,0,M,0,*6A
$GPRMC,160025.01,V,0000.0000,N,00000.0000,E,0,0,280209,0,W,N*21
$GPVTG,0,T,0,M,0,N,0,K,N*2C
$GPGSA,A,1,,,,,,,,,,,,,60.000,60.000,60.000*06
$GPGGA,160026.01,0000.0000,N,00000.0000,E,,,60.000,0,M,0,M,0,*69
$GPRMC,160026.01,V,0000.0000,N,00000.0000,E,0,0,280209,0,W,N*22
$GPVTG,0,T,0,M,0,N,0,K,N*2C
$GPGSA,A,1,,,,,,,,,,,,,60.000,60.000,60.000*06
$GPGGA,160027.01,0000.0000,N,00000.0000,E,,,60.000,0,M,0,M,0,*68
$GPRMC,160027.01,V,0000.0000,N,00000.0000,E,0,0,280209,0,W,N*23
$GPVTG,0,T,0,M,0,N,0,K,N*2C
$GPGSA,A,1,,,,,,,,,,,,,60.000,60.000,60.000*06
$GPGSV,5,1,20,1,5,,,2,35,327,,4,34,328,,5,5,,*73
$GPGSV,5,2,20,6,5,,,7,70,49,,8,49,202,,9,5,,*4B
$GPGSV,5,3,20,11,16,144,,13,31,353,,16,5,,,17,29,182,*7A
$GPGSV,5,4,20,18,5,,,20,24,75,,21,5,,,24,11,141,*44
$GPGSV,5,5,20,25,5,,,26,7,247,,28,27,165,,32,1,99,*46
$GPGGA,160028.01,0000.0000,N,00000.0000,E,,,60.000,0,M,0,M,0,*67
$GPRMC,160028.01,V,0000.0000,N,00000.0000,E,0,0,280209,0,W,N*2C
$GPVTG,0,T,0,M,0,N,0,K,N*2C
$GPGSA,A,1,,,,,,,,,,,,,60.000,60.000,60.000*06
$GPGGA,160029.01,0000.0000,N,00000.0000,E,,,60.000,0,M,0,M,0,*66
$GPRMC,160029.01,V,0000.0000,N,00000.0000,E,0,0,280209,0,W,N*2D
$GPVTG,0,T,0,M,0,N,0,K,N*2C
$GPGSA,A,1,,,,,,,,,,,,,60.000,60.000,60.000*06
$GPGGA,160030.01,0000.0000,N,00000.0000,E,,,60.000,0,M,0,M,0,*6E
$GPRMC,160030.01,V,0000.0000,N,00000.0000,E,0,0,280209,0,W,N*25
$GPVTG,0,T,0,M,0,N,0,K,N*2C
$GPGSA,A,1,,,,,,,,,,,,,60.000,60.000,60.000*06
$GPGGA,160031.01,0000.0000,N,00000.0000,E,,,60.000,0,M,0,M,0,*6F
$GPRMC,160031.01,V,0000.0000,N,00000.0000,E,0,0,280209,0,W,N*24
$GPVTG,0,T,0,M,0,N,0,K,N*2C
$GPGSA,A,1,,,,,,,,,,,,,60.000,60.000,60.000*06
$GPGGA,160032.01,0000.0000,N,00000.0000,E,,,60.000,0,M,0,M,0,*6C
$GPRMC,160032.01,V,0000.0000,N,00000.0000,E,0,0,280209,0,W,N*27
$GPVTG,0,T,0,M,0,N,0,K,N*2C
$GPGSA,A,1,,,,,,,,,,,,,60.000,60.000,60.000*06
$GPGSV,5,1,20,1,5,,,2,35,327,,4,34,328,,5,5,,*73
$GPGSV,5,2,20,6,5,,,7,70,49,,8,49,202,,9,5,,*4B
$GPGSV,5,3,20,11,16,144,,13,31,353,,16,5,,,17,29,182,*7A
$GPGSV,5,4,20,18,5,,,20,24,75,,21,5,,,24,11,141,*44
$GPGSV,5,5,20,25,5,,,26,7,247,,28,27,165,,32,1,99,*46
$GPGGA,160033.01,0000.0000,N,00000.0000,E,,,60.000,0,M,0,M,0,*6D
$GPRMC,160033.01,V,0000.0000,N,00000.0000,E,0,0,280209,0,W,N*26
$GPVTG,0,T,0,M,0,N,0,K,N*2C
$GPGSA,A,1,,,,,,,,,,,,,60.000,60.000,60.000*06
$GPGGA,160034.01,0000.0000,N,00000.0000,E,,,60.000,0,M,0,M,0,*6A
$GPRMC,160034.01,V,0000.0000,N,00000.0000,E,0,0,280209,0,W,N*21
$GPVTG,0,T,0,M,0,N,0,K,N*2C
$GPGSA,A,1,,,,,,,,,,,,,60.000,60.000,60.000*06
$GPGGA,160035.01,0000.0000,N,00000.0000,E,,,60.000,0,M,0,M,0,*6B
$GPRMC,160035.01,V,0000.0000,N,00000.0000,E,0,0,280209,0,W,N*20
$GPVTG,0,T,0,M,0,N,0,K,N*2C
$GPGSA,A,1,,,,,,,,,,,,,60.000,60.000,60.000*06
$GPGGA,160036.01,0000.0000,N,00000.0000,E,,,60.000,0,M,0,M,0,*68
$GPRMC,160036.01,V,0000.0000,N,00000.0000,E,0,0,280209,0,W,N*23
$GPVTG,0,T,0,M,0,N,0,K,N*2C
$GPGSA,A,1,,,,,,,,,,,,,60.000,60.000,60.000*06
$GPGGA,160037.01,0000.0000,N,00000.0000,E,,,60.000,0,M,0,M,0,*69
$GPRMC,160037.01,V,0000.0000,N,00000.0000,E,0,0,280209,0,W,N*22
$GPVTG,0,T,0,M,0,N,0,K,N*2C
$GPGSA,A,1,,,,,,,,,,,,,60.000,60.000,60.000*06
$GPGSV,5,1,20,1,5,,,2,35,327,,4,34,328,,5,5,,*73
$GPGSV,5,2,20,6,5,,,7,70,49,,8,49,202,,9,5,,*4B
$GPGSV,5,3,20,11,16,144,,13,31,353,,16,5,,,17,29,182,*7A
$GPGSV,5,4,20,18,5,,,20,24,75,,21,5,,,24,11,141,*44
$GPGSV,5,5,20,25,5,,,26,7,247,,28,27,165,,32,1,99,*46
$GPGGA,160038.01,0000.0000,N,00000.0000,E,,,60.000,0,M,0,M,0,*66
$GPRMC,160038.01,V,0000.0000,N,00000.0000,E,0,0,280209,0,W,N*2D
$GPVTG,0,T,0,M,0,N,0,K,N*2C
$GPGSA,A,1,,,,,,,,,,,,,60.000,60.000,60.000*06
$GPGGA,160039.01,0000.0000,N,00000.0000,E,,,60.000,0,M,0,M,0,*67
$GPRMC,160039.01,V,0000.0000,N,00000.0000,E,0,0,280209,0,W,N*2C
$GPVTG,0,T,0,M,0,N,0,K,N*2C
$GPGSA,A,1,,,,,,,,,,,,,60.000,60.000,60.000*06
$GPGGA,160040.01,0000.0000,N,00000.0000,E,,,60.000,0,M,0,M,0,*69
$GPRMC,160040.01,V,0000.0000,N,00000.0000,E,0,0,280209,0,W,N*22
$GPVTG,0,T,0,M,0,N,0,K,N*2C
$GPGSA,A,1,,,,,,,,,,,,,60.000,60.000,60.000*06
$GPGGA,160041.01,0000.0000,N,00000.0000,E,,,60.000,0,M,0,M,0,*68
$GPRMC,160041.01,V,0000.0000,N,00000.0000,E,0,0,280209,0,W,N*23
$GPVTG,0,T,0,M,0,N,0,K,N*2C
$GPGSA,A,1,,,,,,,,,,,,,60.000,60.000,60.000*06
$GPGGA,160042.01,0000.0000,N,00000.0000,E,,,60.000,0,M,0,M,0,*6B
$GPRMC,160042.01,V,0000.0000,N,00000.0000,E,0,0,280209,0,W,N*20
$GPVTG,0,T,0,M,0,N,0,K,N*2C
$GPGSA,A,1,,,,,,,,,,,,,60.000,60.000,60.000*06
$GPGSV,5,1,20,1,5,,,2,35,327,,4,34,328,,5,5,,*73
$GPGSV,5,2,20,6,5,,,7,70,48,,8,49,202,,9,5,,*4A
$GPGSV,5,3,20,11,16,144,,13,31,353,,16,5,,,17,29,182,*7A
$GPGSV,5,4,20,18,5,,,20,24,75,,21,5,,,24,11,141,*44
$GPGSV,5,5,20,25,5,,,26,7,247,,28,27,165,32,32,1,99,*47
$GPGGA,160043.01,0000.0000,N,00000.0000,E,,,60.000,0,M,0,M,0,*6A
$GPRMC,160043.01,V,0000.0000,N,00000.0000,E,0,0,280209,0,W,N*21
$GPVTG,0,T,0,M,0,N,0,K,N*2C
$GPGSA,A,1,,,,,,,,,,,,,60.000,60.000,60.000*06
$GPGGA,160044.01,0000.0000,N,00000.0000,E,,,60.000,0,M,0,M,0,*6D
$GPRMC,160044.01,V,0000.0000,N,00000.0000,E,0,0,280209,0,W,N*26
$GPVTG,0,T,0,M,0,N,0,K,N*2C
$GPGSA,A,1,,,,,,,,,,,,,60.000,60.000,60.000*06
$GPGGA,161640.54,0000.0000,N,00000.0000,E,,,60.000,0,M,0,M,0,*6E
$GPRMC,161640.54,V,0000.0000,N,000